[debug] [2021-06-15T21:54:22.029Z] ----------------------------------------------------------------------
[debug] [2021-06-15T21:54:22.031Z] Command:       /usr/local/bin/node /usr/local/bin/firebase init
[debug] [2021-06-15T21:54:22.031Z] CLI Version:   9.13.0
[debug] [2021-06-15T21:54:22.031Z] Platform:      darwin
[debug] [2021-06-15T21:54:22.032Z] Node Version:  v14.15.4
[debug] [2021-06-15T21:54:22.034Z] Time:          Tue Jun 15 2021 15:54:22 GMT-0600 (Mountain Daylight Time)
[debug] [2021-06-15T21:54:22.034Z] ----------------------------------------------------------------------
[debug] 
[debug] [2021-06-15T21:54:22.045Z] > command requires scopes: ["email","openid","https://www.googleapis.com/auth/cloudplatformprojects.readonly","https://www.googleapis.com/auth/firebase","https://www.googleapis.com/auth/cloud-platform"]
[debug] [2021-06-15T21:54:22.045Z] > authorizing via signed-in user (stephensouvall@gmail.com)
[info] 
     ######## #### ########  ######## ########     ###     ######  ########
     ##        ##  ##     ## ##       ##     ##  ##   ##  ##       ##
     ######    ##  ########  ######   ########  #########  ######  ######
     ##        ##  ##    ##  ##       ##     ## ##     ##       ## ##
     ##       #### ##     ## ######## ########  ##     ##  ######  ########

You're about to initialize a Firebase project in this directory:

  /Users/stephensouvall/vue-calendar

[info] 
=== Project Setup
[info] 
[info] First, let's associate this project directory with a Firebase project.
[info] You can create multiple project aliases by running firebase use --add, 
[info] but for now we'll just set up a default project.
[info] 
[debug] [2021-06-15T21:56:12.105Z] >>> [apiv2][query] GET https://firebase.googleapis.com/v1beta1/projects pageSize=100
[debug] [2021-06-15T21:56:12.798Z] <<< [apiv2][status] GET https://firebase.googleapis.com/v1beta1/projects 200
[debug] [2021-06-15T21:56:12.799Z] <<< [apiv2][body] GET https://firebase.googleapis.com/v1beta1/projects [omitted]
[info] i  Using project vue-calendar-52297 (vue-calendar) 
[info] 
=== Firestore Setup
[debug] [2021-06-15T21:56:21.001Z] > refreshing access token with scopes: ["email","https://www.googleapis.com/auth/cloud-platform","https://www.googleapis.com/auth/cloudplatformprojects.readonly","https://www.googleapis.com/auth/firebase","openid"]
[debug] [2021-06-15T21:56:21.001Z] >>> HTTP REQUEST POST https://www.googleapis.com/oauth2/v3/token  
 <request body omitted>
[debug] [2021-06-15T21:56:21.199Z] <<< HTTP RESPONSE 200 {"expires":"Mon, 01 Jan 1990 00:00:00 GMT","cache-control":"no-cache, no-store, max-age=0, must-revalidate","date":"Tue, 15 Jun 2021 21:56:21 GMT","pragma":"no-cache","content-type":"application/json; charset=utf-8","vary":"X-Origin, Referer, Origin,Accept-Encoding","server":"scaffolding on HTTPServer2","x-xss-protection":"0","x-frame-options":"SAMEORIGIN","x-content-type-options":"nosniff","alt-svc":"h3=\":443\"; ma=2592000,h3-29=\":443\"; ma=2592000,h3-T051=\":443\"; ma=2592000,h3-Q050=\":443\"; ma=2592000,h3-Q046=\":443\"; ma=2592000,h3-Q043=\":443\"; ma=2592000,quic=\":443\"; ma=2592000; v=\"46,43\"","accept-ranges":"none","transfer-encoding":"chunked"}
[debug] [2021-06-15T21:56:21.288Z] >>> HTTP REQUEST GET https://serviceusage.googleapis.com/v1/projects/vue-calendar-52297/services/firestore.googleapis.com  
 
[debug] [2021-06-15T21:56:22.124Z] <<< HTTP RESPONSE 200 {"content-type":"application/json; charset=UTF-8","vary":"X-Origin, Referer, Origin,Accept-Encoding","date":"Tue, 15 Jun 2021 21:56:22 GMT","server":"ESF","cache-control":"private","x-xss-protection":"0","x-frame-options":"SAMEORIGIN","x-content-type-options":"nosniff","alt-svc":"h3=\":443\"; ma=2592000,h3-29=\":443\"; ma=2592000,h3-T051=\":443\"; ma=2592000,h3-Q050=\":443\"; ma=2592000,h3-Q046=\":443\"; ma=2592000,h3-Q043=\":443\"; ma=2592000,quic=\":443\"; ma=2592000; v=\"46,43\"","accept-ranges":"none","transfer-encoding":"chunked"}
[debug] [2021-06-15T21:56:22.124Z] >>> HTTP REQUEST GET https://appengine.googleapis.com/v1/apps/vue-calendar-52297  
 
[debug] [2021-06-15T21:56:22.878Z] <<< HTTP RESPONSE 200 {"content-type":"application/json; charset=UTF-8","vary":"X-Origin, Referer, Origin,Accept-Encoding","date":"Tue, 15 Jun 2021 21:56:22 GMT","server":"ESF","cache-control":"private","x-xss-protection":"0","x-frame-options":"SAMEORIGIN","x-content-type-options":"nosniff","alt-svc":"h3=\":443\"; ma=2592000,h3-29=\":443\"; ma=2592000,h3-T051=\":443\"; ma=2592000,h3-Q050=\":443\"; ma=2592000,h3-Q046=\":443\"; ma=2592000,h3-Q043=\":443\"; ma=2592000,quic=\":443\"; ma=2592000; v=\"46,43\"","accept-ranges":"none","transfer-encoding":"chunked"}
[debug] [2021-06-15T21:56:22.879Z] database_type: CLOUD_FIRESTORE
[debug] [2021-06-15T21:56:22.880Z] > command requires scopes: ["email","openid","https://www.googleapis.com/auth/cloudplatformprojects.readonly","https://www.googleapis.com/auth/firebase","https://www.googleapis.com/auth/cloud-platform"]
[debug] [2021-06-15T21:56:22.881Z] > authorizing via signed-in user (stephensouvall@gmail.com)
[debug] [2021-06-15T21:56:22.881Z] [iam] checking project vue-calendar-52297 for permissions ["firebase.projects.get"]
[debug] [2021-06-15T21:56:22.882Z] >>> HTTP REQUEST POST https://cloudresourcemanager.googleapis.com/v1/projects/vue-calendar-52297:testIamPermissions  
 {"permissions":["firebase.projects.get"]}
[debug] [2021-06-15T21:56:23.603Z] <<< HTTP RESPONSE 200 {"content-type":"application/json; charset=UTF-8","vary":"X-Origin, Referer, Origin,Accept-Encoding","date":"Tue, 15 Jun 2021 21:56:23 GMT","server":"ESF","cache-control":"private","x-xss-protection":"0","x-frame-options":"SAMEORIGIN","x-content-type-options":"nosniff","server-timing":"gfet4t7; dur=38","alt-svc":"h3=\":443\"; ma=2592000,h3-29=\":443\"; ma=2592000,h3-T051=\":443\"; ma=2592000,h3-Q050=\":443\"; ma=2592000,h3-Q046=\":443\"; ma=2592000,h3-Q043=\":443\"; ma=2592000,quic=\":443\"; ma=2592000; v=\"46,43\"","accept-ranges":"none","transfer-encoding":"chunked"}
[info] 
[info] Firestore Security Rules allow you to define how and when to allow
[info] requests. You can keep these rules in your project directory
[info] and publish them with firebase deploy.
[info] 
[debug] [2021-06-15T21:56:32.372Z] >>> HTTP REQUEST GET https://firebaserules.googleapis.com/v1/projects/vue-calendar-52297/releases?pageSize=10&pageToken=  
 
[debug] [2021-06-15T21:56:32.623Z] <<< HTTP RESPONSE 200 {"content-type":"application/json; charset=UTF-8","vary":"X-Origin, Referer, Origin,Accept-Encoding","date":"Tue, 15 Jun 2021 21:56:32 GMT","server":"ESF","cache-control":"private","x-xss-protection":"0","x-frame-options":"SAMEORIGIN","x-content-type-options":"nosniff","alt-svc":"h3=\":443\"; ma=2592000,h3-29=\":443\"; ma=2592000,h3-T051=\":443\"; ma=2592000,h3-Q050=\":443\"; ma=2592000,h3-Q046=\":443\"; ma=2592000,h3-Q043=\":443\"; ma=2592000,quic=\":443\"; ma=2592000; v=\"46,43\"","accept-ranges":"none","transfer-encoding":"chunked"}
[debug] [2021-06-15T21:56:32.625Z] Found ruleset: projects/vue-calendar-52297/rulesets/6912f8c5-d453-4169-83e8-f3bbfb8a0ed1
[debug] [2021-06-15T21:56:32.626Z] >>> HTTP REQUEST GET https://firebaserules.googleapis.com/v1/projects/vue-calendar-52297/rulesets/6912f8c5-d453-4169-83e8-f3bbfb8a0ed1  
 
[debug] [2021-06-15T21:56:32.771Z] <<< HTTP RESPONSE 200 {"content-type":"application/json; charset=UTF-8","vary":"X-Origin, Referer, Origin,Accept-Encoding","date":"Tue, 15 Jun 2021 21:56:32 GMT","server":"ESF","cache-control":"private","x-xss-protection":"0","x-frame-options":"SAMEORIGIN","x-content-type-options":"nosniff","alt-svc":"h3=\":443\"; ma=2592000,h3-29=\":443\"; ma=2592000,h3-T051=\":443\"; ma=2592000,h3-Q050=\":443\"; ma=2592000,h3-Q046=\":443\"; ma=2592000,h3-Q043=\":443\"; ma=2592000,quic=\":443\"; ma=2592000; v=\"46,43\"","accept-ranges":"none","transfer-encoding":"chunked"}
[debug] [2021-06-15T21:56:32.927Z] Error: EISDIR: illegal operation on a directory, open '/Users/stephensouvall/vue-calendar'
    at Object.openSync (fs.js:476:3)
    at Object.writeFileSync (fs.js:1467:35)
    at Object.createFileSync (/usr/local/lib/node_modules/firebase-tools/node_modules/fs-extra/lib/ensure/file.js:43:6)
    at Config.writeProjectFile (/usr/local/lib/node_modules/firebase-tools/lib/config.js:142:12)
    at /usr/local/lib/node_modules/firebase-tools/lib/init/features/firestore/rules.js:50:27
    at processTicksAndRejections (internal/process/task_queues.js:93:5)
    at async Object.doSetup [as firestore] (/usr/local/lib/node_modules/firebase-tools/lib/init/features/firestore/index.js:35:5)
    at async init (/usr/local/lib/node_modules/firebase-tools/lib/init/index.js:19:9)
[error] 
[error] Error: An unexpected error has occurred.
[debug] [2021-06-15T21:56:53.704Z] ----------------------------------------------------------------------
[debug] [2021-06-15T21:56:53.706Z] Command:       /usr/local/bin/node /usr/local/bin/firebase init
[debug] [2021-06-15T21:56:53.706Z] CLI Version:   9.13.0
[debug] [2021-06-15T21:56:53.706Z] Platform:      darwin
[debug] [2021-06-15T21:56:53.706Z] Node Version:  v14.15.4
[debug] [2021-06-15T21:56:53.709Z] Time:          Tue Jun 15 2021 15:56:53 GMT-0600 (Mountain Daylight Time)
[debug] [2021-06-15T21:56:53.709Z] ----------------------------------------------------------------------
[debug] 
[debug] [2021-06-15T21:56:53.718Z] > command requires scopes: ["email","openid","https://www.googleapis.com/auth/cloudplatformprojects.readonly","https://www.googleapis.com/auth/firebase","https://www.googleapis.com/auth/cloud-platform"]
[debug] [2021-06-15T21:56:53.718Z] > authorizing via signed-in user (stephensouvall@gmail.com)
[info] 
     ######## #### ########  ######## ########     ###     ######  ########
     ##        ##  ##     ## ##       ##     ##  ##   ##  ##       ##
     ######    ##  ########  ######   ########  #########  ######  ######
     ##        ##  ##    ##  ##       ##     ## ##     ##       ## ##
     ##       #### ##     ## ######## ########  ##     ##  ######  ########

You're about to initialize a Firebase project in this directory:

  /Users/stephensouvall/vue-calendar

[info] 
=== Project Setup
[info] 
[info] First, let's associate this project directory with a Firebase project.
[info] You can create multiple project aliases by running firebase use --add, 
[info] but for now we'll just set up a default project.
[info] 
[debug] [2021-06-15T21:57:07.364Z] > refreshing access token with scopes: []
[debug] [2021-06-15T21:57:07.365Z] >>> HTTP REQUEST POST https://www.googleapis.com/oauth2/v3/token  
 <request body omitted>
[debug] [2021-06-15T21:57:07.547Z] <<< HTTP RESPONSE 200 {"cache-control":"no-cache, no-store, max-age=0, must-revalidate","pragma":"no-cache","date":"Tue, 15 Jun 2021 21:57:07 GMT","expires":"Mon, 01 Jan 1990 00:00:00 GMT","content-type":"application/json; charset=utf-8","vary":"X-Origin, Referer, Origin,Accept-Encoding","server":"scaffolding on HTTPServer2","x-xss-protection":"0","x-frame-options":"SAMEORIGIN","x-content-type-options":"nosniff","alt-svc":"h3=\":443\"; ma=2592000,h3-29=\":443\"; ma=2592000,h3-T051=\":443\"; ma=2592000,h3-Q050=\":443\"; ma=2592000,h3-Q046=\":443\"; ma=2592000,h3-Q043=\":443\"; ma=2592000,quic=\":443\"; ma=2592000; v=\"46,43\"","accept-ranges":"none","transfer-encoding":"chunked"}
[debug] [2021-06-15T21:57:07.633Z] >>> [apiv2][query] GET https://firebase.googleapis.com/v1beta1/projects pageSize=100
[debug] [2021-06-15T21:57:07.927Z] <<< [apiv2][status] GET https://firebase.googleapis.com/v1beta1/projects 200
[debug] [2021-06-15T21:57:07.927Z] <<< [apiv2][body] GET https://firebase.googleapis.com/v1beta1/projects [omitted]
[info] i  Using project vue-calendar-52297 (vue-calendar) 
[info] 
=== Hosting Setup
[info] 
[info] Your public directory is the folder (relative to your project directory) that
[info] will contain Hosting assets to be uploaded with firebase deploy. If you
[info] have a build process for your assets, use your build's output directory.
[info] 
